# JRE version: OpenJDK Runtime Environment (21.0.2+13) (build 21.0.2+13-58)
# Java VM: OpenJDK 64-Bit Server VM (21.0.2+13-58, mixed mode, emulated-client, sharing, tiered, compressed oops, compressed class ptrs, g1 gc, linux-amd64)
GC Precious Log:
 CardTable entry size: 512
 Card Set container configuration: InlinePtr #cards 4 size 8 Array Of Cards #cards 16 size 48 Howl #buckets 8 coarsen threshold 3686 Howl Bitmap #cards 512 size 80 coarsen threshold 460 Card regions per heap region 1 cards per card region 4096
 CPUs: 8 total, 8 available
 Memory: 15720M
 Large Page Support: Disabled
 NUMA Support: Disabled
 Compressed Oops: Enabled (Zero based)
 Heap Region Size: 2M
 Heap Min Capacity: 8M
 Heap Initial Capacity: 246M
 Heap Max Capacity: 3932M
 Pre-touch: Disabled
 Parallel Workers: 8
 Concurrent Workers: 2
 Concurrent Refinement Workers: 8
 Periodic GC: Disabled
Heap:
 garbage-first heap   total 75776K, used 51049K [0x000000070a400000, 0x0000000800000000)
  region size 2048K, 20 young (40960K), 2 survivors (4096K)
 Metaspace       used 24861K, committed 25344K, reserved 1114112K
  class space    used 3351K, committed 3584K, reserved 1048576K
GC Heap History (7 events):
Event: 0,495 GC heap before
{Heap before GC invocations=0 (full 0):
 garbage-first heap   total 253952K, used 21533K [0x000000070a400000, 0x0000000800000000)
  region size 2048K, 11 young (22528K), 0 survivors (0K)
 Metaspace       used 7493K, committed 7744K, reserved 1114112K
  class space    used 920K, committed 1024K, reserved 1048576K
}
Event: 0,499 GC heap after
{Heap after GC invocations=1 (full 0):
 garbage-first heap   total 253952K, used 7934K [0x000000070a400000, 0x0000000800000000)
  region size 2048K, 2 young (4096K), 2 survivors (4096K)
 Metaspace       used 7493K, committed 7744K, reserved 1114112K
  class space    used 920K, committed 1024K, reserved 1048576K
}
Event: 0,840 GC heap before
{Heap before GC invocations=1 (full 0):
 garbage-first heap   total 253952K, used 38654K [0x000000070a400000, 0x0000000800000000)
  region size 2048K, 18 young (36864K), 2 survivors (4096K)
 Metaspace       used 15618K, committed 15872K, reserved 1114112K
  class space    used 2005K, committed 2112K, reserved 1048576K
}
Event: 0,845 GC heap after
{Heap after GC invocations=2 (full 0):
 garbage-first heap   total 253952K, used 10542K [0x000000070a400000, 0x0000000800000000)
  region size 2048K, 2 young (4096K), 2 survivors (4096K)
 Metaspace       used 15618K, committed 15872K, reserved 1114112K
  class space    used 2005K, committed 2112K, reserved 1048576K
}
Event: 1,090 GC heap before
{Heap before GC invocations=2 (full 0):
 garbage-first heap   total 253952K, used 43310K [0x000000070a400000, 0x0000000800000000)
  region size 2048K, 19 young (38912K), 2 survivors (4096K)
 Metaspace       used 20150K, committed 20480K, reserved 1114112K
  class space    used 2632K, committed 2752K, reserved 1048576K
}
Event: 1,094 GC heap after
{Heap after GC invocations=3 (full 0):
 garbage-first heap   total 253952K, used 14185K [0x000000070a400000, 0x0000000800000000)
  region size 2048K, 4 young (8192K), 4 survivors (8192K)
 Metaspace       used 20150K, committed 20480K, reserved 1114112K
  class space    used 2632K, committed 2752K, reserved 1048576K
}
Event: 1,453 GC heap before
{Heap before GC invocations=4 (full 0):
 garbage-first heap   total 75776K, used 51049K [0x000000070a400000, 0x0000000800000000)
  region size 2048K, 22 young (45056K), 4 survivors (8192K)
 Metaspace       used 24861K, committed 25344K, reserved 1114112K
  class space    used 3351K, committed 3584K, reserved 1048576K
}

